<?xml version="1.0" encoding="UTF-8"?>
<!-- Generated by org.testng.reporters.JUnitReportReporter -->
<testsuite skipped="0" hostname="BAALUU" name="Contact" tests="1" failures="0" timestamp="04 Feb 2021 16:52:43 GMT" time="86.922" errors="0">
  <testcase name="CreateContactWithOrgText" time="86.922" classname="Contact"/>
</testsuite> <!-- Contact -->
