<?xml version="1.0" encoding="UTF-8"?>
<!-- Generated by org.testng.reporters.JUnitReportReporter -->
<testsuite skipped="0" hostname="BAALUU" name="com.crm.CalenderPopUP_Future_Date" tests="1" failures="0" timestamp="22 Jan 2021 18:35:52 GMT" time="10.685" errors="0">
  <testcase name="bookTicket" time="10.685" classname="com.crm.CalenderPopUP_Future_Date"/>
</testsuite> <!-- com.crm.CalenderPopUP_Future_Date -->
