<?xml version="1.0" encoding="UTF-8"?>
<!-- Generated by org.testng.reporters.JUnitReportReporter -->
<testsuite skipped="0" hostname="BAALUU" name="com.practiceAssignment.DynamicXpath_CalenderPopUP_DataProvider_MakeMYTrip" tests="5" failures="0" timestamp="24 Jan 2021 11:02:35 GMT" time="45.077" errors="0">
  <testcase name="bookTicket" time="8.388" classname="com.practiceAssignment.DynamicXpath_CalenderPopUP_DataProvider_MakeMYTrip"/>
  <testcase name="bookTicket" time="9.287" classname="com.practiceAssignment.DynamicXpath_CalenderPopUP_DataProvider_MakeMYTrip"/>
  <testcase name="bookTicket" time="10.546" classname="com.practiceAssignment.DynamicXpath_CalenderPopUP_DataProvider_MakeMYTrip"/>
  <testcase name="bookTicket" time="7.739" classname="com.practiceAssignment.DynamicXpath_CalenderPopUP_DataProvider_MakeMYTrip"/>
  <testcase name="bookTicket" time="9.117" classname="com.practiceAssignment.DynamicXpath_CalenderPopUP_DataProvider_MakeMYTrip"/>
</testsuite> <!-- com.practiceAssignment.DynamicXpath_CalenderPopUP_DataProvider_MakeMYTrip -->
