<?xml version="1.0" encoding="UTF-8"?>
<!-- Generated by org.testng.reporters.JUnitReportReporter -->
<testsuite skipped="0" hostname="BAALUU" name="com.crm.DynamicXpath_CalenderPopUP" tests="1" failures="0" timestamp="24 Jan 2021 07:38:24 GMT" time="11.427" errors="0">
  <testcase name="bookTicket" time="11.427" classname="com.crm.DynamicXpath_CalenderPopUP"/>
</testsuite> <!-- com.crm.DynamicXpath_CalenderPopUP -->
