<?xml version="1.0" encoding="UTF-8"?>
<!-- Generated by org.testng.reporters.JUnitReportReporter -->
<testsuite skipped="0" hostname="BAALUU" name="com.crm.DynamicXpath_CalenderPopUP_DataProvider" tests="5" failures="0" timestamp="22 Jan 2021 16:55:15 GMT" time="45.516" errors="0">
  <testcase name="bookTicket" time="10.113" classname="com.crm.DynamicXpath_CalenderPopUP_DataProvider"/>
  <testcase name="bookTicket" time="8.745" classname="com.crm.DynamicXpath_CalenderPopUP_DataProvider"/>
  <testcase name="bookTicket" time="8.413" classname="com.crm.DynamicXpath_CalenderPopUP_DataProvider"/>
  <testcase name="bookTicket" time="9.041" classname="com.crm.DynamicXpath_CalenderPopUP_DataProvider"/>
  <testcase name="bookTicket" time="9.204" classname="com.crm.DynamicXpath_CalenderPopUP_DataProvider"/>
</testsuite> <!-- com.crm.DynamicXpath_CalenderPopUP_DataProvider -->
