<?xml version="1.0" encoding="UTF-8"?>
<!-- Generated by org.testng.reporters.JUnitReportReporter -->
<testsuite skipped="0" hostname="BAALUU" name="com.crm.autodesk.contact.CreateQuote" tests="1" failures="0" timestamp="29 Jan 2021 07:52:35 GMT" time="53.428" errors="0">
  <testcase name="CreateContactWithOrgText" time="53.428" classname="com.crm.autodesk.contact.CreateQuote"/>
</testsuite> <!-- com.crm.autodesk.contact.CreateQuote -->
