<?xml version="1.0" encoding="UTF-8"?>
<!-- Generated by org.testng.reporters.JUnitReportReporter -->
<testsuite skipped="0" hostname="BAALUU" name="com.crm.SampleTest" tests="1" failures="0" timestamp="22 Jan 2021 16:54:03 GMT" time="0.008" errors="0">
  <testcase name="createContactTest" time="0.008" classname="com.crm.SampleTest"/>
</testsuite> <!-- com.crm.SampleTest -->
