<?xml version="1.0" encoding="UTF-8"?>
<!-- Generated by org.testng.reporters.JUnitReportReporter -->
<testsuite skipped="0" hostname="BAALUU" name="com.crm.autodesk.contact.CreateContact" tests="1" failures="0" timestamp="25 Jan 2021 18:24:09 GMT" time="27.125" errors="0">
  <testcase name="CreateContactWithOrgText" time="27.125" classname="com.crm.autodesk.contact.CreateContact"/>
</testsuite> <!-- com.crm.autodesk.contact.CreateContact -->
