<?xml version="1.0" encoding="UTF-8"?>
<!-- Generated by org.testng.reporters.JUnitReportReporter -->
<testsuite skipped="0" hostname="BAALUU" name="ExtentReport.Testcase3" tests="1" failures="0" timestamp="26 Jan 2021 08:00:23 GMT" time="0.004" errors="0">
  <testcase name="testcase3" time="0.004" classname="ExtentReport.Testcase3"/>
</testsuite> <!-- ExtentReport.Testcase3 -->
