<?xml version="1.0" encoding="UTF-8"?>
<!-- Generated by org.testng.reporters.JUnitReportReporter -->
<testsuite skipped="0" hostname="BAALUU" name="com.crm.autodesk.contact.CreateLead" tests="1" failures="0" timestamp="27 Jan 2021 04:46:46 GMT" time="18.463" errors="0">
  <testcase name="createLeadTest" time="18.463" classname="com.crm.autodesk.contact.CreateLead"/>
</testsuite> <!-- com.crm.autodesk.contact.CreateLead -->
