<?xml version="1.0" encoding="UTF-8"?>
<!-- Generated by org.testng.reporters.JUnitReportReporter -->
<testsuite skipped="0" hostname="BAALUU" name="com.practiceAssignment.DynamicXpath_CalenderPopUPMakeMyTrip" tests="1" failures="0" timestamp="24 Jan 2021 10:59:58 GMT" time="12.871" errors="0">
  <testcase name="bookTicket" time="12.871" classname="com.practiceAssignment.DynamicXpath_CalenderPopUPMakeMyTrip"/>
</testsuite> <!-- com.practiceAssignment.DynamicXpath_CalenderPopUPMakeMyTrip -->
